<?xml version="1.0" encoding="UTF-8"?>
<!-- Generated by org.testng.reporters.JUnitXMLReporter -->
<testsuite hostname="DESKTOP-UO2MRR8" ignored="0" name="Test" tests="1" failures="0" timestamp="2022-08-09T15:50:53 IST" time="0.288" errors="0">
  <testcase name="@BeforeTest setup" time="-1.660040453553E9" classname="com.Amazon.testCases.BaseClassAmazon">
    <failure type="org.testng.TestNGException" message="
Parameter &amp;apos;browserName&amp;apos; is required by BeforeTest on method setup but has not been marked @Optional or defined
in C:\Users\India\eclipse-workspace\Amazon\NewTestNG.xml">
      <![CDATA[org.testng.TestNGException: 
Parameter 'browserName' is required by BeforeTest on method setup but has not been marked @Optional or defined
in C:\Users\India\eclipse-workspace\Amazon\NewTestNG.xml
... Removed 21 stack frames]]>
    </failure>
  </testcase> <!-- @BeforeTest setup -->
  <testcase name="@AfterTest tearDown" time="0.0" classname="com.Amazon.testCases.BaseClassAmazon">
    <skipped/>
  </testcase> <!-- @AfterTest tearDown -->
  <testcase name="enterUserCredentials" time="0.0" classname="com.Amazon.testCases.LoginCaseAmazon">
    <skipped/>
  </testcase> <!-- enterUserCredentials -->
</testsuite> <!-- Test -->
